[2026-04-22T23:23:36Z] === ENRICH ITERATION 1 START | repo=browserify/browserify sha=d1d3fed4 ===
[2026-04-22T23:23:36Z] [iter=1] PHASE START: enrich repo=browserify/browserify sha=d1d3fed4 runlog=/home/runner/work/forx/forx/storage/aggregate/lsp/logs/d1d3fed4-enrich-iter-001.log output=/home/runner/work/forx/forx/storage/aggregate/lsp/d1d3fed4fea333f5d7a3b933e7ff12b045112322.nq.gz
[2026-04-22T23:24:19Z] [iter=1] Step 1: Loading AST into disk-backed store mem_mb=77 MB
[2026-04-22T23:24:21Z] [iter=1] AST store loaded triples=293518 load_secs=2 mem_mb=475 MB
[2026-04-22T23:24:21Z] [iter=1] Step 2: Finding LSP targets mem_mb=475 MB
[2026-04-22T23:24:21Z] [iter=1] LSP targets found call_sites=3826 imports=0 extends=0 implements=0 secs=0
[2026-04-22T23:24:21Z] [iter=1] Step 2.7: Building position index (one-shot, shared across resolvers) mem_mb=475 MB
[2026-04-22T23:24:23Z] [iter=1] Position index built positions=20009 nodes_with_types=24062 secs=1 mem_mb=475 MB
[2026-04-22T23:24:23Z] [iter=1] Step 3: Starting LSP resolution mem_mb=475 MB already_completed_types=[] already_completed_files=0
[2026-04-22T23:24:23Z] [iter=1] Resolving target type target_type=call_site count=3826
[2026-04-22T23:24:23Z] [iter=1] HEARTBEAT target_type=call_site elapsed_min=0.8 files_done=0 resolved=0 errors=0 current=test/buffer.js
[2026-04-22T23:24:55Z] [iter=1] HEARTBEAT target_type=call_site elapsed_min=1.3 files_done=6 resolved=8 errors=267 current=test/resolve_exposed/main.js
[2026-04-22T23:25:29Z] [iter=1] HEARTBEAT target_type=call_site elapsed_min=1.9 files_done=22 resolved=19 errors=556 current=test/circular.js
[2026-04-22T23:25:59Z] [iter=1] HEARTBEAT target_type=call_site elapsed_min=2.4 files_done=24 resolved=34 errors=817 current=test/crypto_ig.js
[2026-04-22T23:26:29Z] [iter=1] HEARTBEAT target_type=call_site elapsed_min=2.9 files_done=40 resolved=47 errors=1077 current=test/tr.js
[2026-04-22T23:27:01Z] [iter=1] HEARTBEAT target_type=call_site elapsed_min=3.4 files_done=55 resolved=61 errors=1351 current=test/crypto.js
[2026-04-22T23:27:31Z] [iter=1] HEARTBEAT target_type=call_site elapsed_min=3.9 files_done=69 resolved=64 errors=1614 current=test/paths/main.js
[2026-04-22T23:28:03Z] [iter=1] HEARTBEAT target_type=call_site elapsed_min=4.4 files_done=95 resolved=74 errors=1886 current=test/unicode.js
[2026-04-22T23:28:35Z] [iter=1] HEARTBEAT target_type=call_site elapsed_min=5.0 files_done=118 resolved=78 errors=2164 current=test/multi_require.js
[2026-04-22T23:29:05Z] [iter=1] HEARTBEAT target_type=call_site elapsed_min=5.5 files_done=157 resolved=83 errors=2425 current=test/relative_dedupe/b/b.js
[2026-04-22T23:29:24Z] [iter=1] Target type resolved target_type=call_site resolved=155 errors=2576 secs=301 mem_mb=475 MB
[2026-04-22T23:29:28Z] [iter=1] Step 5: Writing final enrichment file triples=28731
[2026-04-22T23:29:28Z] [iter=1] Enrichment file written path=/home/runner/work/forx/forx/storage/aggregate/lsp/d1d3fed4fea333f5d7a3b933e7ff12b045112322.nq.gz size_kb=513
[2026-04-22T23:29:28Z] [iter=1] PHASE END: enrich elapsed_s=353 elapsed_min=5.9 total_triples=28731
